2017-04-18 09:35:43 Error: [Cake\Database\Exception] SQLSTATE[42S02]: Base table or view not found: 1146 Table 'demologin.uses' doesn't exist
Stack Trace:
#0 C:\Xampp\htdocs\mylogin\vendor\cakephp\cakephp\src\Database\Schema\Collection.php(97): Cake\Database\Schema\Collection->_reflect('Column', 'uses', Array, Object(Cake\Database\Schema\Table))
#1 C:\Xampp\htdocs\mylogin\vendor\cakephp\cakephp\src\Database\Schema\CachedCollection.php(63): Cake\Database\Schema\Collection->describe('uses', Array)
#2 C:\Xampp\htdocs\mylogin\vendor\cakephp\cakephp\src\ORM\Table.php(440): Cake\Database\Schema\CachedCollection->describe('uses')
#3 C:\Xampp\htdocs\mylogin\vendor\cakephp\cakephp\src\ORM\Table.php(517): Cake\ORM\Table->schema()
#4 C:\Xampp\htdocs\mylogin\vendor\cakephp\bake\src\Shell\Task\ModelTask.php(215): Cake\ORM\Table->primaryKey()
#5 C:\Xampp\htdocs\mylogin\vendor\cakephp\bake\src\Shell\Task\ModelTask.php(127): Bake\Shell\Task\ModelTask->getAssociations(Object(Cake\ORM\Table))
#6 C:\Xampp\htdocs\mylogin\vendor\cakephp\bake\src\Shell\Task\ModelTask.php(110): Bake\Shell\Task\ModelTask->getTableContext(Object(Cake\ORM\Table), 'uses', 'Uses')
#7 C:\Xampp\htdocs\mylogin\vendor\cakephp\bake\src\Shell\Task\ModelTask.php(97): Bake\Shell\Task\ModelTask->bake('Uses')
#8 C:\Xampp\htdocs\mylogin\vendor\cakephp\bake\src\Shell\BakeShell.php(257): Bake\Shell\Task\ModelTask->main('Uses')
#9 C:\Xampp\htdocs\mylogin\vendor\cakephp\cakephp\src\Collection\CollectionTrait.php(52): Bake\Shell\BakeShell->Bake\Shell\{closure}('Uses', 0)
#10 C:\Xampp\htdocs\mylogin\vendor\cakephp\bake\src\Shell\BakeShell.php(260): Cake\Collection\Collection->each(Object(Closure))
#11 [internal function]: Bake\Shell\BakeShell->all('uses')
#12 C:\Xampp\htdocs\mylogin\vendor\cakephp\cakephp\src\Console\Shell.php(458): call_user_func_array(Array, Array)
#13 C:\Xampp\htdocs\mylogin\vendor\cakephp\cakephp\src\Console\ShellDispatcher.php(227): Cake\Console\Shell->runCommand(Array, true, Array)
#14 C:\Xampp\htdocs\mylogin\vendor\cakephp\cakephp\src\Console\ShellDispatcher.php(182): Cake\Console\ShellDispatcher->_dispatch(Array)
#15 C:\Xampp\htdocs\mylogin\vendor\cakephp\cakephp\src\Console\ShellDispatcher.php(128): Cake\Console\ShellDispatcher->dispatch(Array)
#16 C:\Xampp\htdocs\mylogin\bin\cake.php(34): Cake\Console\ShellDispatcher::run(Array)
#17 {main}


